<?xml version="1.0" encoding="UTF-8"?>
<!-- Generated by org.testng.reporters.JUnitReportReporter -->
<testsuite hostname="3QRYJS3" failures="0" tests="1" name="mavenforjenkins.UITest" time="3.944" errors="0" timestamp="2023-09-29T22:20:55 CEST" skipped="0">
  <testcase classname="mavenforjenkins.UITest" name="startBrowser" time="3.944"/>
  <system-out/>
</testsuite> <!-- mavenforjenkins.UITest -->
