<?xml version="1.0" encoding="UTF-8"?>
<!-- Generated by org.testng.reporters.JUnitReportReporter -->
<testsuite hostname="3QRYJS3" failures="0" tests="1" name="mavenforjenkins.UITest" time="6.512" errors="0" timestamp="2023-09-29T21:04:49 CEST" skipped="0">
  <testcase classname="mavenforjenkins.UITest" name="startBrowser" time="6.512"/>
  <system-out/>
</testsuite> <!-- mavenforjenkins.UITest -->
